<?xml version="1.0" encoding="UTF-8"?>
<!-- Generated by org.testng.reporters.JUnitReportReporter -->
<testsuite skipped="0" hostname="DESKTOP-D1LENOH" name="com.hyr.Tests.FirstTest" tests="1" failures="0" timestamp="10 Jul 2023 04:40:52 GMT" time="15.267" errors="0">
  <testcase name="TestGoogle" time="15.267" classname="com.hyr.Tests.FirstTest"/>
</testsuite> <!-- com.hyr.Tests.FirstTest -->
