<?xml version="1.0" encoding="UTF-8"?>
<!-- Generated by org.testng.reporters.JUnitReportReporter -->
<testsuite skipped="0" hostname="DESKTOP-D1LENOH" name="TestClass" tests="1" failures="0" timestamp="07 Jul 2023 10:11:23 GMT" time="0.042" errors="0">
  <testcase name="foo" time="0.042" classname="TestClass"/>
</testsuite> <!-- TestClass -->
